Jun 08, 2017 2:32:31 PM org.apache.catalina.startup.VersionLoggerListener log
INFO: Server version:        Apache Tomcat/7.0.78
Jun 08, 2017 2:32:31 PM org.apache.catalina.startup.VersionLoggerListener log
INFO: Server built:          May 10 2017 15:02:19 UTC
Jun 08, 2017 2:32:31 PM org.apache.catalina.startup.VersionLoggerListener log
INFO: Server number:         7.0.78.0
Jun 08, 2017 2:32:31 PM org.apache.catalina.startup.VersionLoggerListener log
INFO: OS Name:               Linux
Jun 08, 2017 2:32:31 PM org.apache.catalina.startup.VersionLoggerListener log
INFO: OS Version:            4.9.27-moby
Jun 08, 2017 2:32:31 PM org.apache.catalina.startup.VersionLoggerListener log
INFO: Architecture:          amd64
Jun 08, 2017 2:32:31 PM org.apache.catalina.startup.VersionLoggerListener log
INFO: Java Home:             /usr/lib/jvm/java-7-openjdk-amd64/jre
Jun 08, 2017 2:32:31 PM org.apache.catalina.startup.VersionLoggerListener log
INFO: JVM Version:           1.7.0_131-b00
Jun 08, 2017 2:32:31 PM org.apache.catalina.startup.VersionLoggerListener log
INFO: JVM Vendor:            Oracle Corporation
Jun 08, 2017 2:32:31 PM org.apache.catalina.startup.VersionLoggerListener log
INFO: CATALINA_BASE:         /usr/local/tomcat
Jun 08, 2017 2:32:31 PM org.apache.catalina.startup.VersionLoggerListener log
INFO: CATALINA_HOME:         /usr/local/tomcat
Jun 08, 2017 2:32:31 PM org.apache.catalina.startup.VersionLoggerListener log
INFO: Command line argument: -Djava.util.logging.config.file=/usr/local/tomcat/conf/logging.properties
Jun 08, 2017 2:32:31 PM org.apache.catalina.startup.VersionLoggerListener log
INFO: Command line argument: -Djava.util.logging.manager=org.apache.juli.ClassLoaderLogManager
Jun 08, 2017 2:32:31 PM org.apache.catalina.startup.VersionLoggerListener log
INFO: Command line argument: -Djdk.tls.ephemeralDHKeySize=2048
Jun 08, 2017 2:32:31 PM org.apache.catalina.startup.VersionLoggerListener log
INFO: Command line argument: -Djava.endorsed.dirs=/usr/local/tomcat/endorsed
Jun 08, 2017 2:32:31 PM org.apache.catalina.startup.VersionLoggerListener log
INFO: Command line argument: -Dcatalina.base=/usr/local/tomcat
Jun 08, 2017 2:32:31 PM org.apache.catalina.startup.VersionLoggerListener log
INFO: Command line argument: -Dcatalina.home=/usr/local/tomcat
Jun 08, 2017 2:32:31 PM org.apache.catalina.startup.VersionLoggerListener log
INFO: Command line argument: -Djava.io.tmpdir=/usr/local/tomcat/temp
Jun 08, 2017 2:32:31 PM org.apache.catalina.core.AprLifecycleListener lifecycleEvent
INFO: Loaded APR based Apache Tomcat Native library 1.2.12 using APR version 1.5.1.
Jun 08, 2017 2:32:31 PM org.apache.catalina.core.AprLifecycleListener lifecycleEvent
INFO: APR capabilities: IPv6 [true], sendfile [true], accept filters [false], random [true].
Jun 08, 2017 2:32:31 PM org.apache.catalina.core.AprLifecycleListener initializeSSL
INFO: OpenSSL successfully initialized (OpenSSL 1.1.0e  16 Feb 2017)
Jun 08, 2017 2:32:31 PM org.apache.coyote.AbstractProtocol init
INFO: Initializing ProtocolHandler ["http-apr-8080"]
Jun 08, 2017 2:32:31 PM org.apache.coyote.AbstractProtocol init
INFO: Initializing ProtocolHandler ["ajp-apr-8009"]
Jun 08, 2017 2:32:31 PM org.apache.catalina.startup.Catalina load
INFO: Initialization processed in 1588 ms
Jun 08, 2017 2:32:32 PM org.apache.catalina.core.StandardService startInternal
INFO: Starting service Catalina
Jun 08, 2017 2:32:32 PM org.apache.catalina.core.StandardEngine startInternal
INFO: Starting Servlet Engine: Apache Tomcat/7.0.78
Jun 08, 2017 2:32:32 PM org.apache.catalina.startup.HostConfig deployDirectory
INFO: Deploying web application directory /usr/local/tomcat/webapps/host-manager
Jun 08, 2017 2:32:32 PM org.apache.catalina.startup.HostConfig deployDirectory
INFO: Deployment of web application directory /usr/local/tomcat/webapps/host-manager has finished in 846 ms
Jun 08, 2017 2:32:32 PM org.apache.catalina.startup.HostConfig deployDirectory
INFO: Deploying web application directory /usr/local/tomcat/webapps/manager
Jun 08, 2017 2:32:33 PM org.apache.catalina.startup.HostConfig deployDirectory
INFO: Deployment of web application directory /usr/local/tomcat/webapps/manager has finished in 128 ms
Jun 08, 2017 2:32:33 PM org.apache.catalina.startup.HostConfig deployDirectory
INFO: Deploying web application directory /usr/local/tomcat/webapps/examples
Jun 08, 2017 2:32:33 PM org.apache.catalina.startup.HostConfig deployDirectory
INFO: Deployment of web application directory /usr/local/tomcat/webapps/examples has finished in 656 ms
Jun 08, 2017 2:32:33 PM org.apache.catalina.startup.HostConfig deployDirectory
INFO: Deploying web application directory /usr/local/tomcat/webapps/ROOT
Jun 08, 2017 2:32:33 PM org.apache.catalina.startup.HostConfig deployDirectory
INFO: Deployment of web application directory /usr/local/tomcat/webapps/ROOT has finished in 83 ms
Jun 08, 2017 2:32:33 PM org.apache.catalina.startup.HostConfig deployDirectory
INFO: Deploying web application directory /usr/local/tomcat/webapps/docs
Jun 08, 2017 2:32:33 PM org.apache.catalina.startup.HostConfig deployDirectory
INFO: Deployment of web application directory /usr/local/tomcat/webapps/docs has finished in 140 ms
Jun 08, 2017 2:32:33 PM org.apache.coyote.AbstractProtocol start
INFO: Starting ProtocolHandler ["http-apr-8080"]
Jun 08, 2017 2:32:34 PM org.apache.coyote.AbstractProtocol start
INFO: Starting ProtocolHandler ["ajp-apr-8009"]
Jun 08, 2017 2:32:34 PM org.apache.catalina.startup.Catalina start
INFO: Server startup in 2067 ms
Jun 08, 2017 2:43:01 PM org.apache.catalina.startup.VersionLoggerListener log
INFO: Server version:        Apache Tomcat/7.0.78
Jun 08, 2017 2:43:01 PM org.apache.catalina.startup.VersionLoggerListener log
INFO: Server built:          May 10 2017 15:02:19 UTC
Jun 08, 2017 2:43:01 PM org.apache.catalina.startup.VersionLoggerListener log
INFO: Server number:         7.0.78.0
Jun 08, 2017 2:43:01 PM org.apache.catalina.startup.VersionLoggerListener log
INFO: OS Name:               Linux
Jun 08, 2017 2:43:01 PM org.apache.catalina.startup.VersionLoggerListener log
INFO: OS Version:            4.9.27-moby
Jun 08, 2017 2:43:01 PM org.apache.catalina.startup.VersionLoggerListener log
INFO: Architecture:          amd64
Jun 08, 2017 2:43:01 PM org.apache.catalina.startup.VersionLoggerListener log
INFO: Java Home:             /usr/lib/jvm/java-7-openjdk-amd64/jre
Jun 08, 2017 2:43:01 PM org.apache.catalina.startup.VersionLoggerListener log
INFO: JVM Version:           1.7.0_131-b00
Jun 08, 2017 2:43:01 PM org.apache.catalina.startup.VersionLoggerListener log
INFO: JVM Vendor:            Oracle Corporation
Jun 08, 2017 2:43:01 PM org.apache.catalina.startup.VersionLoggerListener log
INFO: CATALINA_BASE:         /usr/local/tomcat
Jun 08, 2017 2:43:01 PM org.apache.catalina.startup.VersionLoggerListener log
INFO: CATALINA_HOME:         /usr/local/tomcat
Jun 08, 2017 2:43:01 PM org.apache.catalina.startup.VersionLoggerListener log
INFO: Command line argument: -Djava.util.logging.config.file=/usr/local/tomcat/conf/logging.properties
Jun 08, 2017 2:43:01 PM org.apache.catalina.startup.VersionLoggerListener log
INFO: Command line argument: -Djava.util.logging.manager=org.apache.juli.ClassLoaderLogManager
Jun 08, 2017 2:43:01 PM org.apache.catalina.startup.VersionLoggerListener log
INFO: Command line argument: -Djdk.tls.ephemeralDHKeySize=2048
Jun 08, 2017 2:43:01 PM org.apache.catalina.startup.VersionLoggerListener log
INFO: Command line argument: -Djava.endorsed.dirs=/usr/local/tomcat/endorsed
Jun 08, 2017 2:43:01 PM org.apache.catalina.startup.VersionLoggerListener log
INFO: Command line argument: -Dcatalina.base=/usr/local/tomcat
Jun 08, 2017 2:43:01 PM org.apache.catalina.startup.VersionLoggerListener log
INFO: Command line argument: -Dcatalina.home=/usr/local/tomcat
Jun 08, 2017 2:43:01 PM org.apache.catalina.startup.VersionLoggerListener log
INFO: Command line argument: -Djava.io.tmpdir=/usr/local/tomcat/temp
Jun 08, 2017 2:43:01 PM org.apache.catalina.core.AprLifecycleListener lifecycleEvent
INFO: Loaded APR based Apache Tomcat Native library 1.2.12 using APR version 1.5.1.
Jun 08, 2017 2:43:01 PM org.apache.catalina.core.AprLifecycleListener lifecycleEvent
INFO: APR capabilities: IPv6 [true], sendfile [true], accept filters [false], random [true].
Jun 08, 2017 2:43:01 PM org.apache.catalina.core.AprLifecycleListener initializeSSL
INFO: OpenSSL successfully initialized (OpenSSL 1.1.0e  16 Feb 2017)
Jun 08, 2017 2:43:02 PM org.apache.coyote.AbstractProtocol init
INFO: Initializing ProtocolHandler ["http-apr-8080"]
Jun 08, 2017 2:43:02 PM org.apache.coyote.AbstractProtocol init
INFO: Initializing ProtocolHandler ["ajp-apr-8009"]
Jun 08, 2017 2:43:02 PM org.apache.catalina.startup.Catalina load
INFO: Initialization processed in 2187 ms
Jun 08, 2017 2:43:02 PM org.apache.catalina.core.StandardService startInternal
INFO: Starting service Catalina
Jun 08, 2017 2:43:02 PM org.apache.catalina.core.StandardEngine startInternal
INFO: Starting Servlet Engine: Apache Tomcat/7.0.78
Jun 08, 2017 2:43:02 PM org.apache.catalina.startup.HostConfig deployDirectory
INFO: Deploying web application directory /usr/local/tomcat/webapps/docs
Jun 08, 2017 2:43:03 PM org.apache.catalina.startup.HostConfig deployDirectory
INFO: Deployment of web application directory /usr/local/tomcat/webapps/docs has finished in 1,422 ms
Jun 08, 2017 2:43:03 PM org.apache.catalina.startup.HostConfig deployDirectory
INFO: Deploying web application directory /usr/local/tomcat/webapps/examples
Jun 08, 2017 2:43:08 PM org.apache.catalina.startup.HostConfig deployDirectory
INFO: Deployment of web application directory /usr/local/tomcat/webapps/examples has finished in 4,269 ms
Jun 08, 2017 2:43:08 PM org.apache.catalina.startup.HostConfig deployDirectory
INFO: Deploying web application directory /usr/local/tomcat/webapps/host-manager
Jun 08, 2017 2:43:08 PM org.apache.catalina.startup.HostConfig deployDirectory
INFO: Deployment of web application directory /usr/local/tomcat/webapps/host-manager has finished in 326 ms
Jun 08, 2017 2:43:08 PM org.apache.catalina.startup.HostConfig deployDirectory
INFO: Deploying web application directory /usr/local/tomcat/webapps/manager
Jun 08, 2017 2:43:08 PM org.apache.catalina.startup.HostConfig deployDirectory
INFO: Deployment of web application directory /usr/local/tomcat/webapps/manager has finished in 332 ms
Jun 08, 2017 2:43:08 PM org.apache.catalina.startup.HostConfig deployDirectory
INFO: Deploying web application directory /usr/local/tomcat/webapps/ROOT
Jun 08, 2017 2:43:09 PM org.apache.catalina.startup.HostConfig deployDirectory
INFO: Deployment of web application directory /usr/local/tomcat/webapps/ROOT has finished in 262 ms
Jun 08, 2017 2:43:09 PM org.apache.coyote.AbstractProtocol start
INFO: Starting ProtocolHandler ["http-apr-8080"]
Jun 08, 2017 2:43:09 PM org.apache.coyote.AbstractProtocol start
INFO: Starting ProtocolHandler ["ajp-apr-8009"]
Jun 08, 2017 2:43:09 PM org.apache.catalina.startup.Catalina start
INFO: Server startup in 6918 ms
Jun 08, 2017 2:46:18 PM org.apache.coyote.AbstractProtocol pause
INFO: Pausing ProtocolHandler ["http-apr-8080"]
Jun 08, 2017 2:46:19 PM org.apache.coyote.AbstractProtocol pause
INFO: Pausing ProtocolHandler ["ajp-apr-8009"]
Jun 08, 2017 2:46:19 PM org.apache.catalina.core.StandardService stopInternal
INFO: Stopping service Catalina
Jun 08, 2017 2:46:19 PM org.apache.coyote.AbstractProtocol stop
INFO: Stopping ProtocolHandler ["http-apr-8080"]
Jun 08, 2017 2:46:19 PM org.apache.coyote.AbstractProtocol stop
INFO: Stopping ProtocolHandler ["ajp-apr-8009"]
Jun 08, 2017 2:46:19 PM org.apache.coyote.AbstractProtocol destroy
INFO: Destroying ProtocolHandler ["http-apr-8080"]
Jun 08, 2017 2:46:19 PM org.apache.coyote.AbstractProtocol destroy
INFO: Destroying ProtocolHandler ["ajp-apr-8009"]
Jun 08, 2017 2:47:03 PM org.apache.catalina.startup.VersionLoggerListener log
INFO: Server version:        Apache Tomcat/7.0.78
Jun 08, 2017 2:47:03 PM org.apache.catalina.startup.VersionLoggerListener log
INFO: Server built:          May 10 2017 15:02:19 UTC
Jun 08, 2017 2:47:03 PM org.apache.catalina.startup.VersionLoggerListener log
INFO: Server number:         7.0.78.0
Jun 08, 2017 2:47:03 PM org.apache.catalina.startup.VersionLoggerListener log
INFO: OS Name:               Linux
Jun 08, 2017 2:47:03 PM org.apache.catalina.startup.VersionLoggerListener log
INFO: OS Version:            4.9.27-moby
Jun 08, 2017 2:47:03 PM org.apache.catalina.startup.VersionLoggerListener log
INFO: Architecture:          amd64
Jun 08, 2017 2:47:03 PM org.apache.catalina.startup.VersionLoggerListener log
INFO: Java Home:             /usr/lib/jvm/java-7-openjdk-amd64/jre
Jun 08, 2017 2:47:03 PM org.apache.catalina.startup.VersionLoggerListener log
INFO: JVM Version:           1.7.0_131-b00
Jun 08, 2017 2:47:03 PM org.apache.catalina.startup.VersionLoggerListener log
INFO: JVM Vendor:            Oracle Corporation
Jun 08, 2017 2:47:03 PM org.apache.catalina.startup.VersionLoggerListener log
INFO: CATALINA_BASE:         /usr/local/tomcat
Jun 08, 2017 2:47:03 PM org.apache.catalina.startup.VersionLoggerListener log
INFO: CATALINA_HOME:         /usr/local/tomcat
Jun 08, 2017 2:47:03 PM org.apache.catalina.startup.VersionLoggerListener log
INFO: Command line argument: -Djava.util.logging.config.file=/usr/local/tomcat/conf/logging.properties
Jun 08, 2017 2:47:03 PM org.apache.catalina.startup.VersionLoggerListener log
INFO: Command line argument: -Djava.util.logging.manager=org.apache.juli.ClassLoaderLogManager
Jun 08, 2017 2:47:03 PM org.apache.catalina.startup.VersionLoggerListener log
INFO: Command line argument: -Djdk.tls.ephemeralDHKeySize=2048
Jun 08, 2017 2:47:03 PM org.apache.catalina.startup.VersionLoggerListener log
INFO: Command line argument: -Djava.endorsed.dirs=/usr/local/tomcat/endorsed
Jun 08, 2017 2:47:03 PM org.apache.catalina.startup.VersionLoggerListener log
INFO: Command line argument: -Dcatalina.base=/usr/local/tomcat
Jun 08, 2017 2:47:03 PM org.apache.catalina.startup.VersionLoggerListener log
INFO: Command line argument: -Dcatalina.home=/usr/local/tomcat
Jun 08, 2017 2:47:03 PM org.apache.catalina.startup.VersionLoggerListener log
INFO: Command line argument: -Djava.io.tmpdir=/usr/local/tomcat/temp
Jun 08, 2017 2:47:03 PM org.apache.catalina.core.AprLifecycleListener lifecycleEvent
INFO: Loaded APR based Apache Tomcat Native library 1.2.12 using APR version 1.5.1.
Jun 08, 2017 2:47:03 PM org.apache.catalina.core.AprLifecycleListener lifecycleEvent
INFO: APR capabilities: IPv6 [true], sendfile [true], accept filters [false], random [true].
Jun 08, 2017 2:47:03 PM org.apache.catalina.core.AprLifecycleListener initializeSSL
INFO: OpenSSL successfully initialized (OpenSSL 1.1.0e  16 Feb 2017)
Jun 08, 2017 2:47:04 PM org.apache.coyote.AbstractProtocol init
INFO: Initializing ProtocolHandler ["http-apr-8080"]
Jun 08, 2017 2:47:04 PM org.apache.coyote.AbstractProtocol init
INFO: Initializing ProtocolHandler ["ajp-apr-8009"]
Jun 08, 2017 2:47:04 PM org.apache.catalina.startup.Catalina load
INFO: Initialization processed in 1951 ms
Jun 08, 2017 2:47:04 PM org.apache.catalina.core.StandardService startInternal
INFO: Starting service Catalina
Jun 08, 2017 2:47:04 PM org.apache.catalina.core.StandardEngine startInternal
INFO: Starting Servlet Engine: Apache Tomcat/7.0.78
Jun 08, 2017 2:47:04 PM org.apache.catalina.startup.HostConfig deployDirectory
INFO: Deploying web application directory /usr/local/tomcat/webapps/docs
Jun 08, 2017 2:47:06 PM org.apache.catalina.startup.HostConfig deployDirectory
INFO: Deployment of web application directory /usr/local/tomcat/webapps/docs has finished in 1,462 ms
Jun 08, 2017 2:47:06 PM org.apache.catalina.startup.HostConfig deployDirectory
INFO: Deploying web application directory /usr/local/tomcat/webapps/examples
Jun 08, 2017 2:47:10 PM org.apache.catalina.startup.HostConfig deployDirectory
INFO: Deployment of web application directory /usr/local/tomcat/webapps/examples has finished in 4,206 ms
Jun 08, 2017 2:47:10 PM org.apache.catalina.startup.HostConfig deployDirectory
INFO: Deploying web application directory /usr/local/tomcat/webapps/host-manager
Jun 08, 2017 2:47:10 PM org.apache.catalina.startup.HostConfig deployDirectory
INFO: Deployment of web application directory /usr/local/tomcat/webapps/host-manager has finished in 366 ms
Jun 08, 2017 2:47:10 PM org.apache.catalina.startup.HostConfig deployDirectory
INFO: Deploying web application directory /usr/local/tomcat/webapps/manager
Jun 08, 2017 2:47:11 PM org.apache.catalina.startup.HostConfig deployDirectory
INFO: Deployment of web application directory /usr/local/tomcat/webapps/manager has finished in 368 ms
Jun 08, 2017 2:47:11 PM org.apache.catalina.startup.HostConfig deployDirectory
INFO: Deploying web application directory /usr/local/tomcat/webapps/ROOT
Jun 08, 2017 2:47:11 PM org.apache.catalina.startup.HostConfig deployDirectory
INFO: Deployment of web application directory /usr/local/tomcat/webapps/ROOT has finished in 254 ms
Jun 08, 2017 2:47:11 PM org.apache.coyote.AbstractProtocol start
INFO: Starting ProtocolHandler ["http-apr-8080"]
Jun 08, 2017 2:47:11 PM org.apache.coyote.AbstractProtocol start
INFO: Starting ProtocolHandler ["ajp-apr-8009"]
Jun 08, 2017 2:47:11 PM org.apache.catalina.startup.Catalina start
INFO: Server startup in 6956 ms
Jun 08, 2017 2:47:18 PM org.apache.coyote.AbstractProtocol pause
INFO: Pausing ProtocolHandler ["http-apr-8080"]
Jun 08, 2017 2:47:18 PM org.apache.coyote.AbstractProtocol pause
INFO: Pausing ProtocolHandler ["ajp-apr-8009"]
Jun 08, 2017 2:47:18 PM org.apache.catalina.core.StandardService stopInternal
INFO: Stopping service Catalina
Jun 08, 2017 2:47:18 PM org.apache.coyote.AbstractProtocol stop
INFO: Stopping ProtocolHandler ["http-apr-8080"]
Jun 08, 2017 2:47:18 PM org.apache.coyote.AbstractProtocol stop
INFO: Stopping ProtocolHandler ["ajp-apr-8009"]
Jun 08, 2017 2:47:18 PM org.apache.coyote.AbstractProtocol destroy
INFO: Destroying ProtocolHandler ["http-apr-8080"]
Jun 08, 2017 2:47:18 PM org.apache.coyote.AbstractProtocol destroy
INFO: Destroying ProtocolHandler ["ajp-apr-8009"]
