Jun 11, 2017 4:09:51 PM org.apache.catalina.startup.VersionLoggerListener log
INFO: Server version:        Apache Tomcat/7.0.78
Jun 11, 2017 4:09:51 PM org.apache.catalina.startup.VersionLoggerListener log
INFO: Server built:          May 10 2017 15:02:19 UTC
Jun 11, 2017 4:09:51 PM org.apache.catalina.startup.VersionLoggerListener log
INFO: Server number:         7.0.78.0
Jun 11, 2017 4:09:51 PM org.apache.catalina.startup.VersionLoggerListener log
INFO: OS Name:               Linux
Jun 11, 2017 4:09:51 PM org.apache.catalina.startup.VersionLoggerListener log
INFO: OS Version:            4.9.27-moby
Jun 11, 2017 4:09:51 PM org.apache.catalina.startup.VersionLoggerListener log
INFO: Architecture:          amd64
Jun 11, 2017 4:09:51 PM org.apache.catalina.startup.VersionLoggerListener log
INFO: Java Home:             /usr/lib/jvm/java-7-openjdk-amd64/jre
Jun 11, 2017 4:09:51 PM org.apache.catalina.startup.VersionLoggerListener log
INFO: JVM Version:           1.7.0_131-b00
Jun 11, 2017 4:09:51 PM org.apache.catalina.startup.VersionLoggerListener log
INFO: JVM Vendor:            Oracle Corporation
Jun 11, 2017 4:09:51 PM org.apache.catalina.startup.VersionLoggerListener log
INFO: CATALINA_BASE:         /usr/local/tomcat
Jun 11, 2017 4:09:51 PM org.apache.catalina.startup.VersionLoggerListener log
INFO: CATALINA_HOME:         /usr/local/tomcat
Jun 11, 2017 4:09:51 PM org.apache.catalina.startup.VersionLoggerListener log
INFO: Command line argument: -Djava.util.logging.config.file=/usr/local/tomcat/conf/logging.properties
Jun 11, 2017 4:09:51 PM org.apache.catalina.startup.VersionLoggerListener log
INFO: Command line argument: -Djava.util.logging.manager=org.apache.juli.ClassLoaderLogManager
Jun 11, 2017 4:09:51 PM org.apache.catalina.startup.VersionLoggerListener log
INFO: Command line argument: -Djdk.tls.ephemeralDHKeySize=2048
Jun 11, 2017 4:09:51 PM org.apache.catalina.startup.VersionLoggerListener log
INFO: Command line argument: -Djava.endorsed.dirs=/usr/local/tomcat/endorsed
Jun 11, 2017 4:09:51 PM org.apache.catalina.startup.VersionLoggerListener log
INFO: Command line argument: -Dcatalina.base=/usr/local/tomcat
Jun 11, 2017 4:09:51 PM org.apache.catalina.startup.VersionLoggerListener log
INFO: Command line argument: -Dcatalina.home=/usr/local/tomcat
Jun 11, 2017 4:09:51 PM org.apache.catalina.startup.VersionLoggerListener log
INFO: Command line argument: -Djava.io.tmpdir=/usr/local/tomcat/temp
Jun 11, 2017 4:09:51 PM org.apache.catalina.core.AprLifecycleListener lifecycleEvent
INFO: Loaded APR based Apache Tomcat Native library 1.2.12 using APR version 1.5.1.
Jun 11, 2017 4:09:51 PM org.apache.catalina.core.AprLifecycleListener lifecycleEvent
INFO: APR capabilities: IPv6 [true], sendfile [true], accept filters [false], random [true].
Jun 11, 2017 4:09:51 PM org.apache.catalina.core.AprLifecycleListener initializeSSL
INFO: OpenSSL successfully initialized (OpenSSL 1.1.0e  16 Feb 2017)
Jun 11, 2017 4:09:51 PM org.apache.coyote.AbstractProtocol init
INFO: Initializing ProtocolHandler ["http-apr-8080"]
Jun 11, 2017 4:09:51 PM org.apache.coyote.AbstractProtocol init
INFO: Initializing ProtocolHandler ["ajp-apr-8009"]
Jun 11, 2017 4:09:51 PM org.apache.catalina.startup.Catalina load
INFO: Initialization processed in 2021 ms
Jun 11, 2017 4:09:51 PM org.apache.catalina.core.StandardService startInternal
INFO: Starting service Catalina
Jun 11, 2017 4:09:51 PM org.apache.catalina.core.StandardEngine startInternal
INFO: Starting Servlet Engine: Apache Tomcat/7.0.78
Jun 11, 2017 4:09:51 PM org.apache.catalina.startup.HostConfig deployDirectory
INFO: Deploying web application directory /usr/local/tomcat/webapps/docs
Jun 11, 2017 4:09:53 PM org.apache.catalina.startup.HostConfig deployDirectory
INFO: Deployment of web application directory /usr/local/tomcat/webapps/docs has finished in 1,285 ms
Jun 11, 2017 4:09:53 PM org.apache.catalina.startup.HostConfig deployDirectory
INFO: Deploying web application directory /usr/local/tomcat/webapps/examples
Jun 11, 2017 4:09:56 PM org.apache.catalina.startup.HostConfig deployDirectory
INFO: Deployment of web application directory /usr/local/tomcat/webapps/examples has finished in 3,707 ms
Jun 11, 2017 4:09:56 PM org.apache.catalina.startup.HostConfig deployDirectory
INFO: Deploying web application directory /usr/local/tomcat/webapps/host-manager
Jun 11, 2017 4:09:57 PM org.apache.catalina.startup.HostConfig deployDirectory
INFO: Deployment of web application directory /usr/local/tomcat/webapps/host-manager has finished in 322 ms
Jun 11, 2017 4:09:57 PM org.apache.catalina.startup.HostConfig deployDirectory
INFO: Deploying web application directory /usr/local/tomcat/webapps/manager
Jun 11, 2017 4:09:57 PM org.apache.catalina.startup.HostConfig deployDirectory
INFO: Deployment of web application directory /usr/local/tomcat/webapps/manager has finished in 311 ms
Jun 11, 2017 4:09:57 PM org.apache.catalina.startup.HostConfig deployDirectory
INFO: Deploying web application directory /usr/local/tomcat/webapps/ROOT
Jun 11, 2017 4:09:57 PM org.apache.catalina.startup.HostConfig deployDirectory
INFO: Deployment of web application directory /usr/local/tomcat/webapps/ROOT has finished in 220 ms
Jun 11, 2017 4:09:57 PM org.apache.coyote.AbstractProtocol start
INFO: Starting ProtocolHandler ["http-apr-8080"]
Jun 11, 2017 4:09:57 PM org.apache.coyote.AbstractProtocol start
INFO: Starting ProtocolHandler ["ajp-apr-8009"]
Jun 11, 2017 4:09:57 PM org.apache.catalina.startup.Catalina start
INFO: Server startup in 6110 ms
Jun 11, 2017 4:09:59 PM org.apache.coyote.AbstractProtocol pause
INFO: Pausing ProtocolHandler ["http-apr-8080"]
Jun 11, 2017 4:09:59 PM org.apache.coyote.AbstractProtocol pause
INFO: Pausing ProtocolHandler ["ajp-apr-8009"]
Jun 11, 2017 4:09:59 PM org.apache.catalina.core.StandardService stopInternal
INFO: Stopping service Catalina
Jun 11, 2017 4:09:59 PM org.apache.coyote.AbstractProtocol stop
INFO: Stopping ProtocolHandler ["http-apr-8080"]
Jun 11, 2017 4:09:59 PM org.apache.coyote.AbstractProtocol stop
INFO: Stopping ProtocolHandler ["ajp-apr-8009"]
Jun 11, 2017 4:09:59 PM org.apache.coyote.AbstractProtocol destroy
INFO: Destroying ProtocolHandler ["http-apr-8080"]
Jun 11, 2017 4:09:59 PM org.apache.coyote.AbstractProtocol destroy
INFO: Destroying ProtocolHandler ["ajp-apr-8009"]
