Jun 09, 2017 6:02:55 AM org.apache.catalina.core.ApplicationContext log
INFO: ContextListener: contextInitialized()
Jun 09, 2017 6:02:55 AM org.apache.catalina.core.ApplicationContext log
INFO: SessionListener: contextInitialized()
Jun 09, 2017 6:02:55 AM org.apache.catalina.core.ApplicationContext log
INFO: ContextListener: attributeAdded('org.apache.jasper.compiler.TldLocationsCache', 'org.apache.jasper.compiler.TldLocationsCache@70cb49ab')
Jun 09, 2017 6:03:11 AM org.apache.catalina.core.ApplicationContext log
INFO: SessionListener: contextDestroyed()
Jun 09, 2017 6:03:11 AM org.apache.catalina.core.ApplicationContext log
INFO: ContextListener: contextDestroyed()
Jun 09, 2017 10:00:47 AM org.apache.catalina.core.ApplicationContext log
INFO: ContextListener: contextInitialized()
Jun 09, 2017 10:00:47 AM org.apache.catalina.core.ApplicationContext log
INFO: SessionListener: contextInitialized()
Jun 09, 2017 10:00:47 AM org.apache.catalina.core.ApplicationContext log
INFO: ContextListener: attributeAdded('org.apache.jasper.compiler.TldLocationsCache', 'org.apache.jasper.compiler.TldLocationsCache@27af9da2')
Jun 09, 2017 12:30:24 PM org.apache.catalina.core.ApplicationContext log
INFO: SessionListener: contextDestroyed()
Jun 09, 2017 12:30:24 PM org.apache.catalina.core.ApplicationContext log
INFO: ContextListener: contextDestroyed()
